<?xml version="1.0" encoding="UTF-8"?>
<!-- Generated by org.testng.reporters.JUnitReportReporter -->
<testsuite skipped="0" hostname="RSI1506" name="br.com.rsinet.hub_tdd.appium.Funcionalidade_PesquisaDeProduto" tests="2" failures="0" timestamp="2020-02-07T17:46:51 BRT" time="43.068" errors="0">
  <testcase name="deveEncontrarProdutoComDeterminadoSFiltros" time="21.720" classname="br.com.rsinet.hub_tdd.appium.Funcionalidade_PesquisaDeProduto"/>
  <system-out/>
  <testcase name="naoDeveEncontrarProdutoComDeterminadosFiltros" time="21.348" classname="br.com.rsinet.hub_tdd.appium.Funcionalidade_PesquisaDeProduto"/>
  <system-out/>
</testsuite> <!-- br.com.rsinet.hub_tdd.appium.Funcionalidade_PesquisaDeProduto -->
