<?xml version="1.0" encoding="UTF-8"?>
<!-- Generated by org.testng.reporters.JUnitReportReporter -->
<testsuite skipped="0" hostname="RSI1506" name="br.com.rsinet.hub_tdd.appium.Funcionalidade_Cadastro" tests="2" failures="0" timestamp="2020-02-05T15:40:45 BRT" time="72.178" errors="0">
  <testcase name="naoDeveCadastrarUsuarioExistente" time="35.559" classname="br.com.rsinet.hub_tdd.appium.Funcionalidade_Cadastro"/>
  <system-out/>
  <testcase name="deveCadastrarNovoUsuario" time="36.619" classname="br.com.rsinet.hub_tdd.appium.Funcionalidade_Cadastro"/>
  <system-out/>
</testsuite> <!-- br.com.rsinet.hub_tdd.appium.Funcionalidade_Cadastro -->
