<?xml version="1.0" encoding="UTF-8"?>
<!-- Generated by org.testng.reporters.JUnitReportReporter -->
<testsuite skipped="0" hostname="RSI1506" name="br.com.rsinet.hub_tdd.appium.Funcionalidade_Cadastro" tests="2" failures="0" timestamp="2020-02-07T17:46:51 BRT" time="75.939" errors="0">
  <testcase name="deveCadastrarNovoUsuario" time="38.699" classname="br.com.rsinet.hub_tdd.appium.Funcionalidade_Cadastro"/>
  <system-out/>
  <testcase name="naoDeveCadastrarUsuarioExistente" time="37.240" classname="br.com.rsinet.hub_tdd.appium.Funcionalidade_Cadastro"/>
  <system-out/>
</testsuite> <!-- br.com.rsinet.hub_tdd.appium.Funcionalidade_Cadastro -->
