<?xml version="1.0" encoding="UTF-8"?>
<!-- Generated by org.testng.reporters.JUnitReportReporter -->
<testsuite skipped="0" hostname="RSI1506" name="br.com.rsinet.hub_tdd.appium.Funcionalidade_PesquisaPeloCampo" tests="2" failures="0" timestamp="2020-02-06T14:48:13 BRT" time="24.630" errors="0">
  <testcase name="naoDeveEncontrarProdutoInexistentePelaBarraDePesquisa" time="13.028" classname="br.com.rsinet.hub_tdd.appium.Funcionalidade_PesquisaPeloCampo"/>
  <system-out/>
  <testcase name="deveEncontrarProdutoExistentePelaBarraDePesquisa" time="11.602" classname="br.com.rsinet.hub_tdd.appium.Funcionalidade_PesquisaPeloCampo"/>
  <system-out/>
</testsuite> <!-- br.com.rsinet.hub_tdd.appium.Funcionalidade_PesquisaPeloCampo -->
