<?xml version="1.0" encoding="UTF-8"?>
<!-- Generated by org.testng.reporters.JUnitReportReporter -->
<testsuite skipped="0" hostname="RSI1506" name="br.com.rsinet.hub_tdd.appium.Funcionalidade_PesquisaPeloCampo" tests="2" failures="0" timestamp="2020-02-07T17:46:51 BRT" time="31.424" errors="0">
  <testcase name="naoDeveEncontrarProdutoInexistentePelaBarraDePesquisa" time="15.536" classname="br.com.rsinet.hub_tdd.appium.Funcionalidade_PesquisaPeloCampo"/>
  <system-out/>
  <testcase name="deveEncontrarProdutoExistentePelaBarraDePesquisa" time="15.888" classname="br.com.rsinet.hub_tdd.appium.Funcionalidade_PesquisaPeloCampo"/>
  <system-out/>
</testsuite> <!-- br.com.rsinet.hub_tdd.appium.Funcionalidade_PesquisaPeloCampo -->
